[debug] [2021-05-31T07:54:25.001Z] ----------------------------------------------------------------------
[debug] [2021-05-31T07:54:25.003Z] Command:       /usr/local/bin/firebase /home/prathmesh/.cache/firebase/tools/lib/node_modules/firebase-tools/lib/bin/firebase init
[debug] [2021-05-31T07:54:25.003Z] CLI Version:   9.5.0
[debug] [2021-05-31T07:54:25.004Z] Platform:      linux
[debug] [2021-05-31T07:54:25.004Z] Node Version:  v12.18.1
[debug] [2021-05-31T07:54:25.051Z] Time:          Mon May 31 2021 13:24:25 GMT+0530 (India Standard Time)
[debug] [2021-05-31T07:54:25.051Z] ----------------------------------------------------------------------
[debug] [2021-05-31T07:54:25.051Z] 
[debug] [2021-05-31T07:54:25.067Z] >>> [apiv2][query] GET https://firebase-public.firebaseio.com/cli.json [none]
[debug] [2021-05-31T07:54:25.106Z] > command requires scopes: ["email","openid","https://www.googleapis.com/auth/cloudplatformprojects.readonly","https://www.googleapis.com/auth/firebase","https://www.googleapis.com/auth/cloud-platform"]
[debug] [2021-05-31T07:54:25.106Z] > authorizing via signed-in user
[info] 
     ######## #### ########  ######## ########     ###     ######  ########
     ##        ##  ##     ## ##       ##     ##  ##   ##  ##       ##
     ######    ##  ########  ######   ########  #########  ######  ######
     ##        ##  ##    ##  ##       ##     ## ##     ##       ## ##
     ##       #### ##     ## ######## ########  ##     ##  ######  ########

You're about to initialize a Firebase project in this directory:

  /home/prathmesh/Projects/Roxon Internhip/crudwithgooglesignin

[debug] [2021-05-31T07:54:27.365Z] <<< [apiv2][status] GET https://firebase-public.firebaseio.com/cli.json 200
[debug] [2021-05-31T07:54:27.365Z] <<< [apiv2][body] GET https://firebase-public.firebaseio.com/cli.json {"cloudBuildErrorAfter":1594252800000,"cloudBuildWarnAfter":1590019200000,"defaultNode10After":1594252800000,"minVersion":"3.0.5","node8DeploysDisabledAfter":1613390400000,"node8RuntimeDisabledAfter":1615809600000,"node8WarnAfter":1600128000000}
[debug] [2021-05-31T07:55:43.048Z] Error: setRawMode EIO
    at ReadStream.setRawMode (tty.js:77:31)
    at Interface._setRawMode (readline.js:290:16)
    at process.<anonymous> (readline.js:940:18)
    at Object.onceWrapper (events.js:422:26)
    at process.emit (events.js:315:20)
    at processEmit [as emit] (/home/prathmesh/.cache/firebase/tools/lib/node_modules/signal-exit/index.js:161:32)
